<?xml version="1.0" encoding="UTF-8"?>
<!-- Generated by org.testng.reporters.JUnitXMLReporter -->
<testsuite ignored="0" hostname="LTIN507848" failures="0" tests="4" name="DistrictTest - Edge" time="26.376" errors="0" timestamp="2025-07-09T09:45:41 IST">
  <testcase classname="com.test.testCases.Main" name="districtHomePage" time="1.192"/>
  <testcase classname="com.test.testCases.Main" name="districtActivitiesPage" time="9.725"/>
  <testcase classname="com.test.testCases.Main" name="districtMoviePage" time="0.888"/>
  <testcase classname="com.test.testCases.Main" name="districtSignIn" time="0.834"/>
</testsuite> <!-- DistrictTest - Edge -->
