<?xml version="1.0" encoding="UTF-8"?>
<!-- Generated by org.testng.reporters.JUnitXMLReporter -->
<testsuite ignored="0" hostname="LTIN507848" failures="0" tests="4" name="DistrictTest - Chrome" time="23.8" errors="0" timestamp="2025-07-09T09:46:05 IST">
  <testcase classname="com.test.testCases.Main" name="districtHomePage" time="1.031"/>
  <testcase classname="com.test.testCases.Main" name="districtActivitiesPage" time="9.009"/>
  <testcase classname="com.test.testCases.Main" name="districtMoviePage" time="0.766"/>
  <testcase classname="com.test.testCases.Main" name="districtSignIn" time="0.976"/>
</testsuite> <!-- DistrictTest - Chrome -->
