<?xml version="1.0" encoding="UTF-8"?>
<testng-results ignored="0" total="4" passed="4" failed="0" skipped="0">
  <reporter-output>
  </reporter-output>
  <suite started-at="2025-07-14T11:02:17 IST" name="Default suite" finished-at="2025-07-14T11:02:47 IST" duration-ms="29632">
    <groups>
      <group name="cucumber">
        <method signature="AbstractTestNGCucumberTests.runScenario(io.cucumber.testng.PickleWrapper,io.cucumber.testng.FeatureWrapper)[pri:0, instance:testRunner.TestRun@20d525]" name="runScenario" class="io.cucumber.testng.AbstractTestNGCucumberTests"/>
      </group> <!-- cucumber -->
    </groups>
    <test started-at="2025-07-14T11:02:17 IST" name="Default test" finished-at="2025-07-14T11:02:47 IST" duration-ms="29632">
      <class name="testRunner.TestRun">
        <test-method is-config="true" signature="setUpClass(org.testng.ITestContext)[pri:0, instance:testRunner.TestRun@20d525]" started-at="2025-07-14T11:02:17 IST" name="setUpClass" finished-at="2025-07-14T11:02:32 IST" duration-ms="14351" status="PASS">
          <params>
            <param index="0">
              <value>
                <![CDATA[org.testng.TestRunner@1431267b]]>
              </value>
            </param>
          </params>
          <reporter-output>
          </reporter-output>
        </test-method> <!-- setUpClass -->
        <test-method signature="runScenario(io.cucumber.testng.PickleWrapper,io.cucumber.testng.FeatureWrapper)[pri:0, instance:testRunner.TestRun@20d525]" started-at="2025-07-14T11:02:32 IST" name="runScenario" description="Runs Cucumber Scenarios" data-provider="scenarios" finished-at="2025-07-14T11:02:33 IST" duration-ms="937" status="PASS">
          <params>
            <param index="0">
              <value>
                <![CDATA["Change Location"]]>
              </value>
            </param>
            <param index="1">
              <value>
                <![CDATA["HomePage"]]>
              </value>
            </param>
          </params>
          <reporter-output>
          </reporter-output>
        </test-method> <!-- runScenario -->
        <test-method signature="runScenario(io.cucumber.testng.PickleWrapper,io.cucumber.testng.FeatureWrapper)[pri:0, instance:testRunner.TestRun@20d525]" started-at="2025-07-14T11:02:33 IST" name="runScenario" description="Runs Cucumber Scenarios" data-provider="scenarios" finished-at="2025-07-14T11:02:43 IST" duration-ms="9895" status="PASS">
          <params>
            <param index="0">
              <value>
                <![CDATA["Getting Activities"]]>
              </value>
            </param>
            <param index="1">
              <value>
                <![CDATA["ActivityPage"]]>
              </value>
            </param>
          </params>
          <reporter-output>
          </reporter-output>
        </test-method> <!-- runScenario -->
        <test-method signature="runScenario(io.cucumber.testng.PickleWrapper,io.cucumber.testng.FeatureWrapper)[pri:0, instance:testRunner.TestRun@20d525]" started-at="2025-07-14T11:02:43 IST" name="runScenario" description="Runs Cucumber Scenarios" data-provider="scenarios" finished-at="2025-07-14T11:02:43 IST" duration-ms="497" status="PASS">
          <params>
            <param index="0">
              <value>
                <![CDATA["Getting movie languages"]]>
              </value>
            </param>
            <param index="1">
              <value>
                <![CDATA["MoviesPage"]]>
              </value>
            </param>
          </params>
          <reporter-output>
          </reporter-output>
        </test-method> <!-- runScenario -->
        <test-method signature="runScenario(io.cucumber.testng.PickleWrapper,io.cucumber.testng.FeatureWrapper)[pri:0, instance:testRunner.TestRun@20d525]" started-at="2025-07-14T11:02:43 IST" name="runScenario" description="Runs Cucumber Scenarios" data-provider="scenarios" finished-at="2025-07-14T11:02:44 IST" duration-ms="849" status="PASS">
          <params>
            <param index="0">
              <value>
                <![CDATA["Check for SignIn fail"]]>
              </value>
            </param>
            <param index="1">
              <value>
                <![CDATA["SignIn"]]>
              </value>
            </param>
          </params>
          <reporter-output>
          </reporter-output>
        </test-method> <!-- runScenario -->
        <test-method is-config="true" signature="tearDownClass()[pri:0, instance:testRunner.TestRun@20d525]" started-at="2025-07-14T11:02:44 IST" name="tearDownClass" finished-at="2025-07-14T11:02:47 IST" duration-ms="3063" status="PASS">
          <reporter-output>
          </reporter-output>
        </test-method> <!-- tearDownClass -->
      </class> <!-- testRunner.TestRun -->
    </test> <!-- Default test -->
  </suite> <!-- Default suite -->
</testng-results>
